
============================
test case 1 of 1056000
============================
in-seq (all in): -79 -5 81 22 86 1 46 -79 19 33 -90 -83 61 -68 31 44 -53 -41 65 17 -49 -15 -97 65 -28 -20 20 -63 -72 
sorted (all in): -97 -90 -83 -79 -79 -72 -68 -63 -53 -49 -41 -28 -20 -15 -5 1 17 19 20 22 31 33 44 46 61 65 65 81 86 
in-seq (noDups): -79 -5 81 22 86 1 46 19 33 -90 -83 61 -68 31 44 -53 -41 65 17 -49 -15 -97 -28 -20 20 -63 -72 
sorted (noDups): -97 -90 -83 -79 -72 -68 -63 -53 -49 -41 -28 -20 -15 -5 1 17 19 20 22 31 33 44 46 61 65 81 86 

                                86
                        81
                                        65
                                61
                46
                                44
                        33
                                31
ROOT-=< 22
                                                20
                                        19
                                17
                                        1
                        -5
                                        -15
                                                -20
                                -28
                                        -41
                -49
                                        -53
                                                -63
                                -68
                                                -72
                                        -79
                        -83
                                -90
                                        -97
============================
test case 3 of 1056000
============================
in-seq (all in): -38 -54 -41 -25 15 -11 84 -6 27 32 -65 51 65 -5 -77 -42 -2 -90 
sorted (all in): -90 -77 -65 -54 -42 -41 -38 -25 -11 -6 -5 -2 15 27 32 51 65 84 
in-seq (noDups): -38 -54 -41 -25 15 -11 84 -6 27 32 -65 51 65 -5 -77 -42 -2 -90 
sorted (noDups): -90 -77 -65 -54 -42 -41 -38 -25 -11 -6 -5 -2 15 27 32 51 65 84 

                                        84
                                65
                                        51
                        32
                                27
                15
                                        -2
                                -5
                        -6
                                -11
ROOT-=< -25
                                -38
                        -41
                                -42
                -54
                                -65
                        -77
                                -90
============================
test case 6 of 1056000
============================
in-seq (all in): 84 -95 68 14 62 -22 32 3 -18 -45 53 20 5 69 -92 
sorted (all in): -95 -92 -45 -22 -18 3 5 14 20 32 53 62 68 69 84 
in-seq (noDups): 84 -95 68 14 62 -22 32 3 -18 -45 53 20 5 69 -92 
sorted (noDups): -95 -92 -45 -22 -18 3 5 14 20 32 53 62 68 69 84 

                                84
                                        69
                        68
                                62
                53
                        32
                                20
ROOT-=< 14
                                5
                        3
                                -18
                -22
                                -45
                        -92
                                -95
============================
test case 10 of 1056000
============================
in-seq (all in): -97 92 9 7 60 3 -66 
sorted (all in): -97 -66 3 7 9 60 92 
in-seq (noDups): -97 92 9 7 60 3 -66 
sorted (noDups): -97 -66 3 7 9 60 92 

                92
                        60
ROOT-=< 9
                        7
                3
                                -66
                        -97
============================
test case 264000 of 1056000
============================
in-seq (all in): -30 36 -50 31 -11 88 28 64 70 -41 54 92 0 52 -83 -60 93 88 -34 52 -99 50 -12 -7 7 65 
sorted (all in): -99 -83 -60 -50 -41 -34 -30 -12 -11 -7 0 7 28 31 36 50 52 52 54 64 65 70 88 88 92 93 
in-seq (noDups): -30 36 -50 31 -11 88 28 64 70 -41 54 92 0 52 -83 -60 93 -34 -99 50 -12 -7 7 65 
sorted (noDups): -99 -83 -60 -50 -41 -34 -30 -12 -11 -7 0 7 28 31 36 50 52 54 64 65 70 88 92 93 

                                        93
                                92
                        88
                                70
                                        65
                64
                                54
                        52
                                        50
                                36
ROOT-=< 31
                                28
                                        7
                        0
                                        -7
                                -11
                                        -12
                -30
                                        -34
                                -41
                        -50
                                        -60
                                -83
                                        -99
============================
test case 528000 of 1056000
============================
in-seq (all in): -6 -15 -25 -7 -78 -23 -56 35 -85 -36 -71 -82 82 78 61 -49 -53 29 -90 57 -64 -64 
sorted (all in): -90 -85 -82 -78 -71 -64 -64 -56 -53 -49 -36 -25 -23 -15 -7 -6 29 35 57 61 78 82 
in-seq (noDups): -6 -15 -25 -7 -78 -23 -56 35 -85 -36 -71 -82 82 78 61 -49 -53 29 -90 57 -64 
sorted (noDups): -90 -85 -82 -78 -71 -64 -56 -53 -49 -36 -25 -23 -15 -7 -6 29 35 57 61 78 82 

                                82
                        78
                                61
                                        57
                35
                                29
                        -6
                                -7
ROOT-=< -15
                                -23
                        -25
                                        -36
                                -49
                                        -53
                -56
                                        -64
                                -71
                        -78
                                        -82
                                -85
                                        -90
============================
test case 792000 of 1056000
============================
in-seq (all in): -86 11 
sorted (all in): -86 11 
in-seq (noDups): -86 11 
sorted (noDups): -86 11 

                11
ROOT-=< -86
============================
test case 1056000 of 1056000
============================
in-seq (all in): -12 0 56 54 -78 30 -35 -98 -18 -30 -93 -10 -55 10 -80 47 17 -48 99 14 -8 
sorted (all in): -98 -93 -80 -78 -55 -48 -35 -30 -18 -12 -10 -8 0 10 14 17 30 47 54 56 99 
in-seq (noDups): -12 0 56 54 -78 30 -35 -98 -18 -30 -93 -10 -55 10 -80 47 17 -48 99 14 -8 
sorted (noDups): -98 -93 -80 -78 -55 -48 -35 -30 -18 -12 -10 -8 0 10 14 17 30 47 54 56 99 

                                        99
                                56
                        54
                                47
                30
                                        17
                                14
                                        10
                        0
                                        -8
                                -10
                                        -12
ROOT-=< -18
                                -30
                        -35
                                        -48
                                -55
                -78
                                -80
                        -93
                                -98
++++++++++++++++++++++++++++++++
test program terminated normally
++++++++++++++++++++++++++++++++
