==============================
test case 1 of 990000
attempt to remove 13 values below:
   (sequential order) 7 0 -2 8 9 -1 9 7 -8 2 -7 6 1 
   (value-sort order) -8 -7 -2 -1 0 1 2 6 7 7 8 9 9 
from 10 values below:
   -9 -6 -5 -4 -1 2 5 6 7 8 
gives (with 5 values successfully removed)
   -9 -6 -5 -4 5 
==============================
test case 2 of 990000
attempt to remove 19 values below:
   (sequential order) 4 5 2 -5 9 -5 3 2 -1 -3 -3 0 -8 2 3 -9 4 0 2 
   (value-sort order) -9 -8 -5 -5 -3 -3 -1 0 0 2 2 2 2 3 3 4 4 5 9 
from 13 values below:
   -9 -8 -7 -6 -4 0 2 3 4 5 7 8 9 
gives (with 8 values successfully removed)
   -7 -6 -4 7 8 
==============================
test case 3 of 990000
attempt to remove 4 values below:
   (sequential order) -1 -6 9 -5 
   (value-sort order) -6 -5 -1 9 
from 11 values below:
   -9 -7 -5 -3 -2 -1 0 1 2 6 7 
gives (with 2 values successfully removed)
   -9 -7 -3 -2 0 1 2 6 7 
==============================
test case 4 of 990000
attempt to remove 1 values below:
   (sequential order) 5 
   (value-sort order) 5 
from 1 values below:
   -1 
gives (with 0 values successfully removed)
   -1 
==============================
test case 5 of 990000
attempt to remove 1 values below:
   (sequential order) -9 
   (value-sort order) -9 
from 14 values below:
   -9 -8 -7 -6 -5 -4 -3 -2 -1 0 1 5 7 9 
gives (with 1 values successfully removed)
   -8 -7 -6 -5 -4 -3 -2 -1 0 1 5 7 9 
==============================
test case 66000 of 990000
attempt to remove 5 values below:
   (sequential order) -4 4 -1 -5 7 
   (value-sort order) -5 -4 -1 4 7 
from 14 values below:
   -9 -8 -7 -6 -5 -4 -3 -2 -1 0 1 2 8 9 
gives (with 3 values successfully removed)
   -9 -8 -7 -6 -3 -2 0 1 2 8 9 
==============================
test case 132000 of 990000
attempt to remove 3 values below:
   (sequential order) -9 -2 1 
   (value-sort order) -9 -2 1 
from 9 values below:
   -8 -7 -4 -3 -1 1 3 6 7 
gives (with 1 values successfully removed)
   -8 -7 -4 -3 -1 3 6 7 
==============================
test case 198000 of 990000
attempt to remove 13 values below:
   (sequential order) -1 -4 -1 -5 -6 2 8 -8 9 -9 6 -5 -1 
   (value-sort order) -9 -8 -6 -5 -5 -4 -1 -1 -1 2 6 8 9 
from 7 values below:
   -9 -2 2 3 4 5 6 
gives (with 3 values successfully removed)
   -2 3 4 5 
==============================
test case 264000 of 990000
attempt to remove 1 values below:
   (sequential order) 9 
   (value-sort order) 9 
from 1 values below:
   3 
gives (with 0 values successfully removed)
   3 
==============================
test case 330000 of 990000
attempt to remove 5 values below:
   (sequential order) 0 -6 -9 -8 4 
   (value-sort order) -9 -8 -6 0 4 
from 9 values below:
   -8 -7 -6 -4 -3 -1 0 2 7 
gives (with 3 values successfully removed)
   -7 -4 -3 -1 2 7 
==============================
test case 396000 of 990000
attempt to remove 18 values below:
   (sequential order) -4 -3 -2 3 3 7 8 -5 -5 -6 2 -5 -7 2 -2 -4 -8 2 
   (value-sort order) -8 -7 -6 -5 -5 -5 -4 -4 -3 -2 -2 2 2 2 3 3 7 8 
from 15 values below:
   -9 -8 -7 -6 -5 -4 -3 -1 0 2 4 5 6 8 9 
gives (with 8 values successfully removed)
   -9 -1 0 4 5 6 9 
==============================
test case 462000 of 990000
attempt to remove 6 values below:
   (sequential order) 7 -3 4 -6 3 -3 
   (value-sort order) -6 -3 -3 3 4 7 
from 9 values below:
   -9 -7 -6 -4 -3 -1 2 7 9 
gives (with 3 values successfully removed)
   -9 -7 -4 -1 2 9 
==============================
test case 528000 of 990000
attempt to remove 1 values below:
   (sequential order) 8 
   (value-sort order) 8 
from 2 values below:
   -4 -2 
gives (with 0 values successfully removed)
   -4 -2 
==============================
test case 594000 of 990000
attempt to remove 5 values below:
   (sequential order) -3 -4 0 -3 6 
   (value-sort order) -4 -3 -3 0 6 
from 11 values below:
   -9 -8 -5 -4 -3 0 1 4 5 6 8 
gives (with 4 values successfully removed)
   -9 -8 -5 1 4 5 8 
==============================
test case 660000 of 990000
attempt to remove 8 values below:
   (sequential order) 7 -8 -7 8 -1 -5 9 -9 
   (value-sort order) -9 -8 -7 -5 -1 7 8 9 
from 10 values below:
   -9 -8 -6 -5 -4 -1 0 2 4 7 
gives (with 5 values successfully removed)
   -6 -4 0 2 4 
==============================
test case 726000 of 990000
attempt to remove 1 values below:
   (sequential order) -5 
   (value-sort order) -5 
from 12 values below:
   -7 -6 -5 -3 -1 0 1 4 6 7 8 9 
gives (with 1 values successfully removed)
   -7 -6 -3 -1 0 1 4 6 7 8 9 
==============================
test case 792000 of 990000
attempt to remove 1 values below:
   (sequential order) 8 
   (value-sort order) 8 
from 4 values below:
   -4 -2 6 7 
gives (with 0 values successfully removed)
   -4 -2 6 7 
==============================
test case 858000 of 990000
attempt to remove 1 values below:
   (sequential order) 3 
   (value-sort order) 3 
from 13 values below:
   -8 -6 -4 -3 -1 0 1 2 3 4 6 7 8 
gives (with 1 values successfully removed)
   -8 -6 -4 -3 -1 0 1 2 4 6 7 8 
==============================
test case 924000 of 990000
attempt to remove 1 values below:
   (sequential order) -3 
   (value-sort order) -3 
from 3 values below:
   -1 3 9 
gives (with 0 values successfully removed)
   -1 3 9 
==============================
test case 990000 of 990000
attempt to remove 23 values below:
   (sequential order) -4 7 0 -7 4 -9 9 -9 -3 9 0 3 -8 -5 3 9 -3 -3 8 -4 -4 -7 4 
   (value-sort order) -9 -9 -8 -7 -7 -5 -4 -4 -4 -3 -3 -3 0 0 3 3 4 4 7 8 9 9 9 
from 15 values below:
   -8 -7 -6 -5 -4 -3 -2 -1 1 2 3 4 5 7 8 
gives (with 9 values successfully removed)
   -6 -2 -1 1 2 5 
==============================
test program terminated normally
==============================
